<?xml version="1.0" encoding="UTF-8"?>
<!-- Generated by org.testng.reporters.JUnitReportReporter -->
<testsuite hostname="INBOOK_X1_SLIM" failures="0" tests="2" name="base.BaseTest" time="5.669" errors="0" timestamp="2024-10-23T12:33:35 IST" skipped="0">
  <testcase classname="base.BaseTest" name="setup" time="5.428"/>
  <testcase classname="base.BaseTest" name="tearDown" time="0.241"/>
</testsuite> <!-- base.BaseTest -->
