<?xml version="1.0" encoding="UTF-8"?>
<!-- Generated by org.testng.reporters.JUnitReportReporter -->
<testsuite hostname="INBOOK_X1_SLIM" failures="0" tests="1" name="tests.SaucedemoTest" time="5.815" errors="0" timestamp="2024-10-23T15:35:25 IST" skipped="0">
  <testcase classname="tests.SaucedemoTest" name="testSaucedemoFlow" time="5.815"/>
</testsuite> <!-- tests.SaucedemoTest -->
